2022-10-04 17:51:24,974 Using SelectPoller
2022-10-04 17:51:24,975 Created default connection workflow <pika.adapters.utils.connection_workflow.AMQPConnectionWorkflow object at 0x000001BB08F4A2E0>
2022-10-04 17:51:24,975 Starting AMQP Connection workflow asynchronously.
2022-10-04 17:51:24,975 call_later: added timeout <pika.adapters.select_connection._Timeout object at 0x000001BB08F4A3D0> with deadline=344882.671 and callback=functools.partial(<bound method AMQPConnectionWorkflow._start_new_cycle_async of <pika.adapters.utils.connection_workflow.AMQPConnectionWorkflow object at 0x000001BB08F4A2E0>>, first=True); now=344882.671; delay=0
2022-10-04 17:51:24,976 Beginning a new AMQP connection workflow cycle; attempts remaining after this: 0
2022-10-04 17:51:24,977 call_later: added timeout <pika.adapters.select_connection._Timeout object at 0x000001BB08F1CFD0> with deadline=344882.671 and callback=<bound method AMQPConnectionWorkflow._try_next_config_async of <pika.adapters.utils.connection_workflow.AMQPConnectionWorkflow object at 0x000001BB08F4A2E0>>; now=344882.671; delay=0
2022-10-04 17:51:24,977 _try_next_config_async: 'localhost':5672
2022-10-04 17:51:24,979 add_callback_threadsafe: added callback=<bound method _AddressResolver._dispatch_result of <pika.adapters.utils.selector_ioloop_adapter._AddressResolver object at 0x000001BB08F1CF10>>
2022-10-04 17:51:24,979 process_timeouts: invoking callback=<bound method _AddressResolver._dispatch_result of <pika.adapters.utils.selector_ioloop_adapter._AddressResolver object at 0x000001BB08F1CF10>>
2022-10-04 17:51:24,979 Invoking asynchronous getaddrinfo() completion callback; host='localhost'
2022-10-04 17:51:24,979 getaddrinfo returned 2 records
2022-10-04 17:51:24,979 Attempting to connect using address record (<AddressFamily.AF_INET6: 23>, <SocketKind.SOCK_STREAM: 1>, 6, '', ('::1', 5672, 0, 0))
2022-10-04 17:51:24,979 Pika version 1.3.0 connecting to ('::1', 5672, 0, 0)
2022-10-04 17:51:24,980 add_callback_threadsafe: added callback=<bound method _AsyncSocketConnector._start_async of <pika.adapters.utils.io_services_utils._AsyncSocketConnector object at 0x000001BB08F1CCD0>>
2022-10-04 17:51:24,980 call_later: added timeout <pika.adapters.select_connection._Timeout object at 0x000001BB08F1CD60> with deadline=344892.687 and callback=<bound method AMQPConnector._on_tcp_connection_timeout of <pika.adapters.utils.connection_workflow.AMQPConnector object at 0x000001BB08F1CD90>>; now=344882.687; delay=10.0
2022-10-04 17:51:24,980 call_later: added timeout <pika.adapters.select_connection._Timeout object at 0x000001BB08F1C430> with deadline=344897.687 and callback=<bound method AMQPConnector._on_overall_timeout of <pika.adapters.utils.connection_workflow.AMQPConnector object at 0x000001BB08F1CD90>>; now=344882.687; delay=15.0
2022-10-04 17:51:24,980 process_timeouts: invoking callback=<bound method _AsyncSocketConnector._start_async of <pika.adapters.utils.io_services_utils._AsyncSocketConnector object at 0x000001BB08F1CCD0>>
2022-10-04 17:51:24,980 SelectorIOServicesAdapter.set_writer(776, <bound method _AsyncSocketConnector._on_writable of <pika.adapters.utils.io_services_utils._AsyncSocketConnector object at 0x000001BB08F1CCD0>>)
2022-10-04 17:51:24,981 set_writer(776, _) added handler Wr
2022-10-04 17:51:24,981 Connection-establishment is in progress for <socket.socket fd=776, family=AddressFamily.AF_INET6, type=SocketKind.SOCK_STREAM, proto=6, laddr=('::1', 59482, 0, 0), raddr=('::1', 5672, 0, 0)>.
2022-10-04 17:51:24,981 Socket connected: <socket.socket fd=776, family=AddressFamily.AF_INET6, type=SocketKind.SOCK_STREAM, proto=6, laddr=('::1', 59482, 0, 0), raddr=('::1', 5672, 0, 0)>
2022-10-04 17:51:24,981 _AsyncSocketConnector._report_completion(None); <socket.socket fd=776, family=AddressFamily.AF_INET6, type=SocketKind.SOCK_STREAM, proto=6, laddr=('::1', 59482, 0, 0), raddr=('::1', 5672, 0, 0)>
2022-10-04 17:51:24,981 SelectorIOServicesAdapter.remove_writer(776)
2022-10-04 17:51:24,981 remove_writer(776) removed handler
2022-10-04 17:51:24,981 remove_timeout: removing timeout <pika.adapters.select_connection._Timeout object at 0x000001BB08F1CD60> with deadline=344892.687 and callback=<bound method AMQPConnector._on_tcp_connection_timeout of <pika.adapters.utils.connection_workflow.AMQPConnector object at 0x000001BB08F1CD90>>
2022-10-04 17:51:24,982 TCP connection to broker established: <socket.socket fd=776, family=AddressFamily.AF_INET6, type=SocketKind.SOCK_STREAM, proto=6, laddr=('::1', 59482, 0, 0), raddr=('::1', 5672, 0, 0)>.
2022-10-04 17:51:24,982 _AsyncStreamConnector.start(); <socket.socket fd=776, family=AddressFamily.AF_INET6, type=SocketKind.SOCK_STREAM, proto=6, laddr=('::1', 59482, 0, 0), raddr=('::1', 5672, 0, 0)>
2022-10-04 17:51:24,982 add_callback_threadsafe: added callback=<bound method _AsyncStreamConnector._start_async of <pika.adapters.utils.io_services_utils._AsyncStreamConnector object at 0x000001BB08F1CCA0>>
2022-10-04 17:51:24,982 process_timeouts: invoking callback=<bound method _AsyncStreamConnector._start_async of <pika.adapters.utils.io_services_utils._AsyncStreamConnector object at 0x000001BB08F1CCA0>>
2022-10-04 17:51:24,982 _AsyncStreamConnector._start_async(); <socket.socket fd=776, family=AddressFamily.AF_INET6, type=SocketKind.SOCK_STREAM, proto=6, laddr=('::1', 59482, 0, 0), raddr=('::1', 5672, 0, 0)>
2022-10-04 17:51:24,982 _AsyncStreamConnector._linkup()
2022-10-04 17:51:24,983 New Connection state: CLOSED (prev=CLOSED)
2022-10-04 17:51:24,983 Added: {'callback': <bound method Connection._on_connection_start of <SelectConnection CLOSED transport=None params=<ConnectionParameters host=localhost port=5672 virtual_host=/ ssl=False>>>, 'one_shot': True, 'only': None, 'arguments': None, 'calls': 1}
2022-10-04 17:51:24,983 Added: {'callback': <bound method Connection._on_connection_close_from_broker of <SelectConnection CLOSED transport=None params=<ConnectionParameters host=localhost port=5672 virtual_host=/ ssl=False>>>, 'one_shot': True, 'only': None, 'arguments': None, 'calls': 1}
2022-10-04 17:51:24,983 Added: {'callback': <bound method Connection._default_on_connection_error of <SelectConnection CLOSED transport=None params=<ConnectionParameters host=localhost port=5672 virtual_host=/ ssl=False>>>, 'one_shot': False, 'only': None, 'arguments': None}
2022-10-04 17:51:24,983 New Connection state: INIT (prev=CLOSED)
2022-10-04 17:51:24,983 Using external connection workflow.
2022-10-04 17:51:24,983 _AsyncTransportBase.__init__: <socket.socket fd=776, family=AddressFamily.AF_INET6, type=SocketKind.SOCK_STREAM, proto=6, laddr=('::1', 59482, 0, 0), raddr=('::1', 5672, 0, 0)>
2022-10-04 17:51:24,983 SelectorIOServicesAdapter.set_reader(776, <bound method _AsyncPlaintextTransport._on_socket_readable of <pika.adapters.utils.io_services_utils._AsyncPlaintextTransport object at 0x000001BB08F1CB80>>)
2022-10-04 17:51:24,984 set_reader(776, _) added handler Rd
2022-10-04 17:51:24,984 _linkup(): created transport <pika.adapters.utils.io_services_utils._AsyncPlaintextTransport object at 0x000001BB08F1CB80>
2022-10-04 17:51:24,984 New Connection state: PROTOCOL (prev=INIT)
2022-10-04 17:51:24,984 SelectorIOServicesAdapter.set_writer(776, <bound method _AsyncPlaintextTransport._on_socket_writable of <pika.adapters.utils.io_services_utils._AsyncPlaintextTransport object at 0x000001BB08F1CB80>>)
2022-10-04 17:51:24,984 set_writer(776, _) updated handler RdWr
2022-10-04 17:51:24,984 Turned on writability watcher: <socket.socket fd=776, family=AddressFamily.AF_INET6, type=SocketKind.SOCK_STREAM, proto=6, laddr=('::1', 59482, 0, 0), raddr=('::1', 5672, 0, 0)>
2022-10-04 17:51:24,984 _linkup(): introduced transport to protocol <pika.adapters.utils.io_services_utils._AsyncPlaintextTransport object at 0x000001BB08F1CB80>; _StreamingProtocolShim: <SelectConnection PROTOCOL transport=<pika.adapters.utils.io_services_utils._AsyncPlaintextTransport object at 0x000001BB08F1CB80> params=<ConnectionParameters host=localhost port=5672 virtual_host=/ ssl=False>>
2022-10-04 17:51:24,984 _AsyncStreamConnector._report_completion((<pika.adapters.utils.io_services_utils._AsyncPlaintextTransport object at 0x000001BB08F1CB80>, _StreamingProtocolShim: <SelectConnection PROTOCOL transport=<pika.adapters.utils.io_services_utils._AsyncPlaintextTransport object at 0x000001BB08F1CB80> params=<ConnectionParameters host=localhost port=5672 virtual_host=/ ssl=False>>)); <socket.socket fd=776, family=AddressFamily.AF_INET6, type=SocketKind.SOCK_STREAM, proto=6, laddr=('::1', 59482, 0, 0), raddr=('::1', 5672, 0, 0)>
2022-10-04 17:51:24,984 Streaming transport linked up: (<pika.adapters.utils.io_services_utils._AsyncPlaintextTransport object at 0x000001BB08F1CB80>, _StreamingProtocolShim: <SelectConnection PROTOCOL transport=<pika.adapters.utils.io_services_utils._AsyncPlaintextTransport object at 0x000001BB08F1CB80> params=<ConnectionParameters host=localhost port=5672 virtual_host=/ ssl=False>>).
2022-10-04 17:51:24,984 Removing callback #0: {'callback': <bound method Connection._default_on_connection_error of <SelectConnection PROTOCOL transport=<pika.adapters.utils.io_services_utils._AsyncPlaintextTransport object at 0x000001BB08F1CB80> params=<ConnectionParameters host=localhost port=5672 virtual_host=/ ssl=False>>>, 'one_shot': False, 'only': None, 'arguments': None}
2022-10-04 17:51:24,984 Added: {'callback': <bound method AMQPConnector._on_amqp_handshake_done of <pika.adapters.utils.connection_workflow.AMQPConnector object at 0x000001BB08F1CD90>>, 'one_shot': False, 'only': None, 'arguments': None}
2022-10-04 17:51:24,985 Added: {'callback': <bound method AMQPConnector._on_amqp_handshake_done of <pika.adapters.utils.connection_workflow.AMQPConnector object at 0x000001BB08F1CD90>>, 'one_shot': False, 'only': None, 'arguments': None}
2022-10-04 17:51:24,985 _AsyncStreamConnector._cleanup(False)
2022-10-04 17:51:24,985 SelectorIOServicesAdapter.remove_writer(776)
2022-10-04 17:51:24,985 remove_writer(776) updated handler Rd
2022-10-04 17:51:24,985 Turned off writability watcher: <socket.socket fd=776, family=AddressFamily.AF_INET6, type=SocketKind.SOCK_STREAM, proto=6, laddr=('::1', 59482, 0, 0), raddr=('::1', 5672, 0, 0)>
2022-10-04 17:51:24,989 Processing 0:Connection.Start
2022-10-04 17:51:24,989 Processing use of oneshot callback
2022-10-04 17:51:24,989 0 registered uses left
2022-10-04 17:51:24,990 Removing callback #0: {'callback': <bound method Connection._on_connection_start of <SelectConnection PROTOCOL transport=<pika.adapters.utils.io_services_utils._AsyncPlaintextTransport object at 0x000001BB08F1CB80> params=<ConnectionParameters host=localhost port=5672 virtual_host=/ ssl=False>>>, 'one_shot': True, 'only': None, 'arguments': None, 'calls': 0}
2022-10-04 17:51:24,990 Calling <bound method Connection._on_connection_start of <SelectConnection PROTOCOL transport=<pika.adapters.utils.io_services_utils._AsyncPlaintextTransport object at 0x000001BB08F1CB80> params=<ConnectionParameters host=localhost port=5672 virtual_host=/ ssl=False>>> for "0:Connection.Start"
2022-10-04 17:51:24,991 New Connection state: START (prev=PROTOCOL)
2022-10-04 17:51:24,991 Added: {'callback': <bound method Connection._on_connection_tune of <SelectConnection START transport=<pika.adapters.utils.io_services_utils._AsyncPlaintextTransport object at 0x000001BB08F1CB80> params=<ConnectionParameters host=localhost port=5672 virtual_host=/ ssl=False>>>, 'one_shot': True, 'only': None, 'arguments': None, 'calls': 1}
2022-10-04 17:51:24,991 SelectorIOServicesAdapter.set_writer(776, <bound method _AsyncPlaintextTransport._on_socket_writable of <pika.adapters.utils.io_services_utils._AsyncPlaintextTransport object at 0x000001BB08F1CB80>>)
2022-10-04 17:51:24,991 set_writer(776, _) updated handler RdWr
2022-10-04 17:51:24,991 Turned on writability watcher: <socket.socket fd=776, family=AddressFamily.AF_INET6, type=SocketKind.SOCK_STREAM, proto=6, laddr=('::1', 59482, 0, 0), raddr=('::1', 5672, 0, 0)>
2022-10-04 17:51:24,992 Recv would block on <socket.socket fd=776, family=AddressFamily.AF_INET6, type=SocketKind.SOCK_STREAM, proto=6, laddr=('::1', 59482, 0, 0), raddr=('::1', 5672, 0, 0)>
2022-10-04 17:51:24,992 SelectorIOServicesAdapter.remove_writer(776)
2022-10-04 17:51:24,992 remove_writer(776) updated handler Rd
2022-10-04 17:51:24,993 Turned off writability watcher: <socket.socket fd=776, family=AddressFamily.AF_INET6, type=SocketKind.SOCK_STREAM, proto=6, laddr=('::1', 59482, 0, 0), raddr=('::1', 5672, 0, 0)>
2022-10-04 17:51:24,994 Processing 0:Connection.Tune
2022-10-04 17:51:24,994 Processing use of oneshot callback
2022-10-04 17:51:24,994 0 registered uses left
2022-10-04 17:51:24,994 Removing callback #0: {'callback': <bound method Connection._on_connection_tune of <SelectConnection START transport=<pika.adapters.utils.io_services_utils._AsyncPlaintextTransport object at 0x000001BB08F1CB80> params=<ConnectionParameters host=localhost port=5672 virtual_host=/ ssl=False>>>, 'one_shot': True, 'only': None, 'arguments': None, 'calls': 0}
2022-10-04 17:51:24,994 Calling <bound method Connection._on_connection_tune of <SelectConnection START transport=<pika.adapters.utils.io_services_utils._AsyncPlaintextTransport object at 0x000001BB08F1CB80> params=<ConnectionParameters host=localhost port=5672 virtual_host=/ ssl=False>>> for "0:Connection.Tune"
2022-10-04 17:51:24,994 New Connection state: TUNE (prev=START)
2022-10-04 17:51:24,994 Creating a HeartbeatChecker: 60
2022-10-04 17:51:24,994 timeout: 60.000000 send_interval: 30.000000 check_interval: 65.000000
2022-10-04 17:51:24,994 call_later: added timeout <pika.adapters.select_connection._Timeout object at 0x000001BB08F1CFA0> with deadline=344912.687 and callback=<bound method HeartbeatChecker._send_heartbeat of <pika.heartbeat.HeartbeatChecker object at 0x000001BB08F1C9D0>>; now=344882.687; delay=30.0
2022-10-04 17:51:24,994 call_later: added timeout <pika.adapters.select_connection._Timeout object at 0x000001BB08F1C3A0> with deadline=344947.687 and callback=<bound method HeartbeatChecker._check_heartbeat of <pika.heartbeat.HeartbeatChecker object at 0x000001BB08F1C9D0>>; now=344882.687; delay=65
2022-10-04 17:51:24,995 SelectorIOServicesAdapter.set_writer(776, <bound method _AsyncPlaintextTransport._on_socket_writable of <pika.adapters.utils.io_services_utils._AsyncPlaintextTransport object at 0x000001BB08F1CB80>>)
2022-10-04 17:51:24,995 set_writer(776, _) updated handler RdWr
2022-10-04 17:51:24,995 Turned on writability watcher: <socket.socket fd=776, family=AddressFamily.AF_INET6, type=SocketKind.SOCK_STREAM, proto=6, laddr=('::1', 59482, 0, 0), raddr=('::1', 5672, 0, 0)>
2022-10-04 17:51:24,995 Added: {'callback': <bound method Connection._on_connection_open_ok of <SelectConnection TUNE transport=<pika.adapters.utils.io_services_utils._AsyncPlaintextTransport object at 0x000001BB08F1CB80> params=<ConnectionParameters host=localhost port=5672 virtual_host=/ ssl=False>>>, 'one_shot': True, 'only': None, 'arguments': None, 'calls': 1}
2022-10-04 17:51:24,995 Recv would block on <socket.socket fd=776, family=AddressFamily.AF_INET6, type=SocketKind.SOCK_STREAM, proto=6, laddr=('::1', 59482, 0, 0), raddr=('::1', 5672, 0, 0)>
2022-10-04 17:51:24,995 SelectorIOServicesAdapter.remove_writer(776)
2022-10-04 17:51:24,996 remove_writer(776) updated handler Rd
2022-10-04 17:51:24,996 Turned off writability watcher: <socket.socket fd=776, family=AddressFamily.AF_INET6, type=SocketKind.SOCK_STREAM, proto=6, laddr=('::1', 59482, 0, 0), raddr=('::1', 5672, 0, 0)>
2022-10-04 17:51:24,997 Processing 0:Connection.OpenOk
2022-10-04 17:51:24,997 Processing use of oneshot callback
2022-10-04 17:51:24,997 0 registered uses left
2022-10-04 17:51:24,997 Removing callback #0: {'callback': <bound method Connection._on_connection_open_ok of <SelectConnection TUNE transport=<pika.adapters.utils.io_services_utils._AsyncPlaintextTransport object at 0x000001BB08F1CB80> params=<ConnectionParameters host=localhost port=5672 virtual_host=/ ssl=False>>>, 'one_shot': True, 'only': None, 'arguments': None, 'calls': 0}
2022-10-04 17:51:24,997 Calling <bound method Connection._on_connection_open_ok of <SelectConnection TUNE transport=<pika.adapters.utils.io_services_utils._AsyncPlaintextTransport object at 0x000001BB08F1CB80> params=<ConnectionParameters host=localhost port=5672 virtual_host=/ ssl=False>>> for "0:Connection.OpenOk"
2022-10-04 17:51:24,998 New Connection state: OPEN (prev=TUNE)
2022-10-04 17:51:24,998 Processing 0:_on_connection_open_ok
2022-10-04 17:51:24,998 Calling <bound method AMQPConnector._on_amqp_handshake_done of <pika.adapters.utils.connection_workflow.AMQPConnector object at 0x000001BB08F1CD90>> for "0:_on_connection_open_ok"
2022-10-04 17:51:24,998 AMQPConnector: AMQP handshake attempt completed; state=3; error=None; 'localhost'/(<AddressFamily.AF_INET6: 23>, <SocketKind.SOCK_STREAM: 1>, 6, '', ('::1', 5672, 0, 0))
2022-10-04 17:51:24,998 AMQPConnector: AMQP connection established for 'localhost'/(<AddressFamily.AF_INET6: 23>, <SocketKind.SOCK_STREAM: 1>, 6, '', ('::1', 5672, 0, 0)): <SelectConnection OPEN transport=<pika.adapters.utils.io_services_utils._AsyncPlaintextTransport object at 0x000001BB08F1CB80> params=<ConnectionParameters host=localhost port=5672 virtual_host=/ ssl=False>>
2022-10-04 17:51:24,998 AMQPConnector - reporting success: <SelectConnection OPEN transport=<pika.adapters.utils.io_services_utils._AsyncPlaintextTransport object at 0x000001BB08F1CB80> params=<ConnectionParameters host=localhost port=5672 virtual_host=/ ssl=False>>
2022-10-04 17:51:24,998 remove_timeout: removing timeout <pika.adapters.select_connection._Timeout object at 0x000001BB08F1C430> with deadline=344897.687 and callback=<bound method AMQPConnector._on_overall_timeout of <pika.adapters.utils.connection_workflow.AMQPConnector object at 0x000001BB08F1CD90>>
2022-10-04 17:51:24,998 Connection attempt completed with <SelectConnection OPEN transport=<pika.adapters.utils.io_services_utils._AsyncPlaintextTransport object at 0x000001BB08F1CB80> params=<ConnectionParameters host=localhost port=5672 virtual_host=/ ssl=False>>
2022-10-04 17:51:24,998 AMQPConnectionWorkflow - reporting success: <SelectConnection OPEN transport=<pika.adapters.utils.io_services_utils._AsyncPlaintextTransport object at 0x000001BB08F1CB80> params=<ConnectionParameters host=localhost port=5672 virtual_host=/ ssl=False>>
2022-10-04 17:51:24,998 Recv would block on <socket.socket fd=776, family=AddressFamily.AF_INET6, type=SocketKind.SOCK_STREAM, proto=6, laddr=('::1', 59482, 0, 0), raddr=('::1', 5672, 0, 0)>
2022-10-04 17:51:24,998 Connection workflow succeeded: <SelectConnection OPEN transport=<pika.adapters.utils.io_services_utils._AsyncPlaintextTransport object at 0x000001BB08F1CB80> params=<ConnectionParameters host=localhost port=5672 virtual_host=/ ssl=False>>
2022-10-04 17:51:24,998 Added: {'callback': <bound method _CallbackResult.set_value_once of <pika.adapters.blocking_connection._CallbackResult object at 0x000001BB08F390C0>>, 'one_shot': False, 'only': None, 'arguments': None}
2022-10-04 17:51:24,998 Creating channel 1
2022-10-04 17:51:24,998 Added: {'callback': <bound method Connection._on_channel_cleanup of <SelectConnection OPEN transport=<pika.adapters.utils.io_services_utils._AsyncPlaintextTransport object at 0x000001BB08F1CB80> params=<ConnectionParameters host=localhost port=5672 virtual_host=/ ssl=False>>>, 'one_shot': True, 'only': <Channel number=1 CLOSED conn=<SelectConnection OPEN transport=<pika.adapters.utils.io_services_utils._AsyncPlaintextTransport object at 0x000001BB08F1CB80> params=<ConnectionParameters host=localhost port=5672 virtual_host=/ ssl=False>>>, 'arguments': None, 'calls': 1}
2022-10-04 17:51:24,999 Added: {'callback': <bound method Channel._on_getempty of <Channel number=1 OPENING conn=<SelectConnection OPEN transport=<pika.adapters.utils.io_services_utils._AsyncPlaintextTransport object at 0x000001BB08F1CB80> params=<ConnectionParameters host=localhost port=5672 virtual_host=/ ssl=False>>>>, 'one_shot': False, 'only': None, 'arguments': None}
2022-10-04 17:51:24,999 Added: {'callback': <bound method Channel._on_cancel of <Channel number=1 OPENING conn=<SelectConnection OPEN transport=<pika.adapters.utils.io_services_utils._AsyncPlaintextTransport object at 0x000001BB08F1CB80> params=<ConnectionParameters host=localhost port=5672 virtual_host=/ ssl=False>>>>, 'one_shot': False, 'only': None, 'arguments': None}
2022-10-04 17:51:24,999 Added: {'callback': <bound method Channel._on_flow of <Channel number=1 OPENING conn=<SelectConnection OPEN transport=<pika.adapters.utils.io_services_utils._AsyncPlaintextTransport object at 0x000001BB08F1CB80> params=<ConnectionParameters host=localhost port=5672 virtual_host=/ ssl=False>>>>, 'one_shot': False, 'only': None, 'arguments': None}
2022-10-04 17:51:24,999 Added: {'callback': <bound method Channel._on_close_from_broker of <Channel number=1 OPENING conn=<SelectConnection OPEN transport=<pika.adapters.utils.io_services_utils._AsyncPlaintextTransport object at 0x000001BB08F1CB80> params=<ConnectionParameters host=localhost port=5672 virtual_host=/ ssl=False>>>>, 'one_shot': True, 'only': None, 'arguments': None, 'calls': 1}
2022-10-04 17:51:24,999 SelectorIOServicesAdapter.set_writer(776, <bound method _AsyncPlaintextTransport._on_socket_writable of <pika.adapters.utils.io_services_utils._AsyncPlaintextTransport object at 0x000001BB08F1CB80>>)
2022-10-04 17:51:24,999 set_writer(776, _) updated handler RdWr
2022-10-04 17:51:24,999 Turned on writability watcher: <socket.socket fd=776, family=AddressFamily.AF_INET6, type=SocketKind.SOCK_STREAM, proto=6, laddr=('::1', 59482, 0, 0), raddr=('::1', 5672, 0, 0)>
2022-10-04 17:51:24,999 Entering blocking state on frame <Channel.Open(['out_of_band='])>; acceptable_replies=[<class 'pika.spec.Channel.OpenOk'>]
2022-10-04 17:51:24,999 Adding on_synchronous_complete callback
2022-10-04 17:51:24,999 Added: {'callback': <bound method Channel._on_synchronous_complete of <Channel number=1 OPENING conn=<SelectConnection OPEN transport=<pika.adapters.utils.io_services_utils._AsyncPlaintextTransport object at 0x000001BB08F1CB80> params=<ConnectionParameters host=localhost port=5672 virtual_host=/ ssl=False>>>>, 'one_shot': True, 'only': None, 'arguments': None, 'calls': 1}
2022-10-04 17:51:24,999 Adding passed-in RPC response callback
2022-10-04 17:51:24,999 Added: {'callback': <bound method Channel._on_openok of <Channel number=1 OPENING conn=<SelectConnection OPEN transport=<pika.adapters.utils.io_services_utils._AsyncPlaintextTransport object at 0x000001BB08F1CB80> params=<ConnectionParameters host=localhost port=5672 virtual_host=/ ssl=False>>>>, 'one_shot': True, 'only': None, 'arguments': None, 'calls': 1}
2022-10-04 17:51:24,999 Added: {'callback': <bound method BlockingChannel._on_consumer_cancelled_by_broker of <BlockingChannel impl=<Channel number=1 OPENING conn=<SelectConnection OPEN transport=<pika.adapters.utils.io_services_utils._AsyncPlaintextTransport object at 0x000001BB08F1CB80> params=<ConnectionParameters host=localhost port=5672 virtual_host=/ ssl=False>>>>>, 'one_shot': False, 'only': None, 'arguments': None}
2022-10-04 17:51:24,999 Added: {'callback': <bound method _CallbackResult.signal_once of <pika.adapters.blocking_connection._CallbackResult object at 0x000001BB08F39840>>, 'one_shot': False, 'only': None, 'arguments': None}
2022-10-04 17:51:25,000 Added: {'callback': <bound method BlockingChannel._on_channel_closed of <BlockingChannel impl=<Channel number=1 OPENING conn=<SelectConnection OPEN transport=<pika.adapters.utils.io_services_utils._AsyncPlaintextTransport object at 0x000001BB08F1CB80> params=<ConnectionParameters host=localhost port=5672 virtual_host=/ ssl=False>>>>>, 'one_shot': False, 'only': <Channel number=1 OPENING conn=<SelectConnection OPEN transport=<pika.adapters.utils.io_services_utils._AsyncPlaintextTransport object at 0x000001BB08F1CB80> params=<ConnectionParameters host=localhost port=5672 virtual_host=/ ssl=False>>>, 'arguments': None}
2022-10-04 17:51:25,000 Added: {'callback': <bound method _CallbackResult.set_value_once of <pika.adapters.blocking_connection._CallbackResult object at 0x000001BB08F391C0>>, 'one_shot': False, 'only': None, 'arguments': None}
2022-10-04 17:51:25,000 Created channel=1
2022-10-04 17:51:25,000 SelectorIOServicesAdapter.remove_writer(776)
2022-10-04 17:51:25,000 remove_writer(776) updated handler Rd
2022-10-04 17:51:25,000 Turned off writability watcher: <socket.socket fd=776, family=AddressFamily.AF_INET6, type=SocketKind.SOCK_STREAM, proto=6, laddr=('::1', 59482, 0, 0), raddr=('::1', 5672, 0, 0)>
2022-10-04 17:51:25,002 Processing 1:Channel.OpenOk
2022-10-04 17:51:25,002 Processing use of oneshot callback
2022-10-04 17:51:25,002 0 registered uses left
2022-10-04 17:51:25,002 Removing callback #0: {'callback': <bound method Channel._on_synchronous_complete of <Channel number=1 OPENING conn=<SelectConnection OPEN transport=<pika.adapters.utils.io_services_utils._AsyncPlaintextTransport object at 0x000001BB08F1CB80> params=<ConnectionParameters host=localhost port=5672 virtual_host=/ ssl=False>>>>, 'one_shot': True, 'only': None, 'arguments': None, 'calls': 0}
2022-10-04 17:51:25,002 Processing use of oneshot callback
2022-10-04 17:51:25,002 0 registered uses left
2022-10-04 17:51:25,002 Removing callback #0: {'callback': <bound method Channel._on_openok of <Channel number=1 OPENING conn=<SelectConnection OPEN transport=<pika.adapters.utils.io_services_utils._AsyncPlaintextTransport object at 0x000001BB08F1CB80> params=<ConnectionParameters host=localhost port=5672 virtual_host=/ ssl=False>>>>, 'one_shot': True, 'only': None, 'arguments': None, 'calls': 0}
2022-10-04 17:51:25,002 Calling <bound method Channel._on_synchronous_complete of <Channel number=1 OPENING conn=<SelectConnection OPEN transport=<pika.adapters.utils.io_services_utils._AsyncPlaintextTransport object at 0x000001BB08F1CB80> params=<ConnectionParameters host=localhost port=5672 virtual_host=/ ssl=False>>>> for "1:Channel.OpenOk"
2022-10-04 17:51:25,003 0 blocked frames
2022-10-04 17:51:25,003 Calling <bound method Channel._on_openok of <Channel number=1 OPENING conn=<SelectConnection OPEN transport=<pika.adapters.utils.io_services_utils._AsyncPlaintextTransport object at 0x000001BB08F1CB80> params=<ConnectionParameters host=localhost port=5672 virtual_host=/ ssl=False>>>> for "1:Channel.OpenOk"
2022-10-04 17:51:25,003 Recv would block on <socket.socket fd=776, family=AddressFamily.AF_INET6, type=SocketKind.SOCK_STREAM, proto=6, laddr=('::1', 59482, 0, 0), raddr=('::1', 5672, 0, 0)>
2022-10-04 17:51:25,003 SelectorIOServicesAdapter.set_writer(776, <bound method _AsyncPlaintextTransport._on_socket_writable of <pika.adapters.utils.io_services_utils._AsyncPlaintextTransport object at 0x000001BB08F1CB80>>)
2022-10-04 17:51:25,003 set_writer(776, _) updated handler RdWr
2022-10-04 17:51:25,003 Turned on writability watcher: <socket.socket fd=776, family=AddressFamily.AF_INET6, type=SocketKind.SOCK_STREAM, proto=6, laddr=('::1', 59482, 0, 0), raddr=('::1', 5672, 0, 0)>
2022-10-04 17:51:25,003 SelectorIOServicesAdapter.remove_writer(776)
2022-10-04 17:51:25,004 remove_writer(776) updated handler Rd
2022-10-04 17:51:25,004 Turned off writability watcher: <socket.socket fd=776, family=AddressFamily.AF_INET6, type=SocketKind.SOCK_STREAM, proto=6, laddr=('::1', 59482, 0, 0), raddr=('::1', 5672, 0, 0)>
2022-10-04 17:51:25,004 Closing connection (200): Normal shutdown
2022-10-04 17:51:25,004 Channel.close(200, Normal shutdown)
2022-10-04 17:51:25,004 Closing channel (200): 'Normal shutdown' on <Channel number=1 OPEN conn=<SelectConnection OPEN transport=<pika.adapters.utils.io_services_utils._AsyncPlaintextTransport object at 0x000001BB08F1CB80> params=<ConnectionParameters host=localhost port=5672 virtual_host=/ ssl=False>>>
2022-10-04 17:51:25,004 SelectorIOServicesAdapter.set_writer(776, <bound method _AsyncPlaintextTransport._on_socket_writable of <pika.adapters.utils.io_services_utils._AsyncPlaintextTransport object at 0x000001BB08F1CB80>>)
2022-10-04 17:51:25,004 set_writer(776, _) updated handler RdWr
2022-10-04 17:51:25,004 Turned on writability watcher: <socket.socket fd=776, family=AddressFamily.AF_INET6, type=SocketKind.SOCK_STREAM, proto=6, laddr=('::1', 59482, 0, 0), raddr=('::1', 5672, 0, 0)>
2022-10-04 17:51:25,005 Entering blocking state on frame <Channel.Close(['class_id=0', 'method_id=0', 'reply_code=200', 'reply_text=Normal shutdown'])>; acceptable_replies=[<class 'pika.spec.Channel.CloseOk'>]
2022-10-04 17:51:25,005 Adding on_synchronous_complete callback
2022-10-04 17:51:25,005 Added: {'callback': <bound method Channel._on_synchronous_complete of <Channel number=1 CLOSING conn=<SelectConnection OPEN transport=<pika.adapters.utils.io_services_utils._AsyncPlaintextTransport object at 0x000001BB08F1CB80> params=<ConnectionParameters host=localhost port=5672 virtual_host=/ ssl=False>>>>, 'one_shot': True, 'only': None, 'arguments': None, 'calls': 1}
2022-10-04 17:51:25,005 Adding passed-in RPC response callback
2022-10-04 17:51:25,005 Added: {'callback': <bound method Channel._on_closeok of <Channel number=1 CLOSING conn=<SelectConnection OPEN transport=<pika.adapters.utils.io_services_utils._AsyncPlaintextTransport object at 0x000001BB08F1CB80> params=<ConnectionParameters host=localhost port=5672 virtual_host=/ ssl=False>>>>, 'one_shot': True, 'only': None, 'arguments': None, 'calls': 1}
2022-10-04 17:51:25,005 SelectorIOServicesAdapter.remove_writer(776)
2022-10-04 17:51:25,005 remove_writer(776) updated handler Rd
2022-10-04 17:51:25,005 Turned off writability watcher: <socket.socket fd=776, family=AddressFamily.AF_INET6, type=SocketKind.SOCK_STREAM, proto=6, laddr=('::1', 59482, 0, 0), raddr=('::1', 5672, 0, 0)>
2022-10-04 17:51:25,008 Processing 1:Channel.CloseOk
2022-10-04 17:51:25,008 Processing use of oneshot callback
2022-10-04 17:51:25,008 0 registered uses left
2022-10-04 17:51:25,009 Removing callback #0: {'callback': <bound method Channel._on_synchronous_complete of <Channel number=1 CLOSING conn=<SelectConnection OPEN transport=<pika.adapters.utils.io_services_utils._AsyncPlaintextTransport object at 0x000001BB08F1CB80> params=<ConnectionParameters host=localhost port=5672 virtual_host=/ ssl=False>>>>, 'one_shot': True, 'only': None, 'arguments': None, 'calls': 0}
2022-10-04 17:51:25,009 Processing use of oneshot callback
2022-10-04 17:51:25,009 0 registered uses left
2022-10-04 17:51:25,009 Removing callback #0: {'callback': <bound method Channel._on_closeok of <Channel number=1 CLOSING conn=<SelectConnection OPEN transport=<pika.adapters.utils.io_services_utils._AsyncPlaintextTransport object at 0x000001BB08F1CB80> params=<ConnectionParameters host=localhost port=5672 virtual_host=/ ssl=False>>>>, 'one_shot': True, 'only': None, 'arguments': None, 'calls': 0}
2022-10-04 17:51:25,009 Calling <bound method Channel._on_synchronous_complete of <Channel number=1 CLOSING conn=<SelectConnection OPEN transport=<pika.adapters.utils.io_services_utils._AsyncPlaintextTransport object at 0x000001BB08F1CB80> params=<ConnectionParameters host=localhost port=5672 virtual_host=/ ssl=False>>>> for "1:Channel.CloseOk"
2022-10-04 17:51:25,009 0 blocked frames
2022-10-04 17:51:25,009 Calling <bound method Channel._on_closeok of <Channel number=1 CLOSING conn=<SelectConnection OPEN transport=<pika.adapters.utils.io_services_utils._AsyncPlaintextTransport object at 0x000001BB08F1CB80> params=<ConnectionParameters host=localhost port=5672 virtual_host=/ ssl=False>>>> for "1:Channel.CloseOk"
2022-10-04 17:51:25,009 Received <Channel.CloseOk> on <Channel number=1 CLOSING conn=<SelectConnection OPEN transport=<pika.adapters.utils.io_services_utils._AsyncPlaintextTransport object at 0x000001BB08F1CB80> params=<ConnectionParameters host=localhost port=5672 virtual_host=/ ssl=False>>>
2022-10-04 17:51:25,009 Processing 1:_on_channel_close
2022-10-04 17:51:25,009 Calling <bound method BlockingChannel._on_channel_closed of <BlockingChannel impl=<Channel number=1 CLOSED conn=<SelectConnection OPEN transport=<pika.adapters.utils.io_services_utils._AsyncPlaintextTransport object at 0x000001BB08F1CB80> params=<ConnectionParameters host=localhost port=5672 virtual_host=/ ssl=False>>>>> for "1:_on_channel_close"
2022-10-04 17:51:25,009 _on_channel_closed: ChannelClosedByClient: (200) 'Normal shutdown'; <BlockingChannel impl=<Channel number=1 CLOSED conn=<SelectConnection OPEN transport=<pika.adapters.utils.io_services_utils._AsyncPlaintextTransport object at 0x000001BB08F1CB80> params=<ConnectionParameters host=localhost port=5672 virtual_host=/ ssl=False>>>>
2022-10-04 17:51:25,009 Processing 1:_on_channel_cleanup
2022-10-04 17:51:25,009 Processing use of oneshot callback
2022-10-04 17:51:25,009 0 registered uses left
2022-10-04 17:51:25,009 Removing callback #0: {'callback': <bound method Connection._on_channel_cleanup of <SelectConnection OPEN transport=<pika.adapters.utils.io_services_utils._AsyncPlaintextTransport object at 0x000001BB08F1CB80> params=<ConnectionParameters host=localhost port=5672 virtual_host=/ ssl=False>>>, 'one_shot': True, 'only': <Channel number=1 CLOSED conn=<SelectConnection OPEN transport=<pika.adapters.utils.io_services_utils._AsyncPlaintextTransport object at 0x000001BB08F1CB80> params=<ConnectionParameters host=localhost port=5672 virtual_host=/ ssl=False>>>, 'arguments': None, 'calls': 0}
2022-10-04 17:51:25,009 Calling <bound method Connection._on_channel_cleanup of <SelectConnection OPEN transport=<pika.adapters.utils.io_services_utils._AsyncPlaintextTransport object at 0x000001BB08F1CB80> params=<ConnectionParameters host=localhost port=5672 virtual_host=/ ssl=False>>> for "1:_on_channel_cleanup"
2022-10-04 17:51:25,010 Removed channel 1
2022-10-04 17:51:25,010 Clearing out '1' from the stack
2022-10-04 17:51:25,010 Recv would block on <socket.socket fd=776, family=AddressFamily.AF_INET6, type=SocketKind.SOCK_STREAM, proto=6, laddr=('::1', 59482, 0, 0), raddr=('::1', 5672, 0, 0)>
2022-10-04 17:51:25,010 New Connection state: CLOSING (prev=OPEN)
2022-10-04 17:51:25,010 Closing connection (200): 'Normal shutdown'
2022-10-04 17:51:25,010 Added: {'callback': <bound method Connection._on_connection_close_ok of <SelectConnection CLOSING transport=<pika.adapters.utils.io_services_utils._AsyncPlaintextTransport object at 0x000001BB08F1CB80> params=<ConnectionParameters host=localhost port=5672 virtual_host=/ ssl=False>>>, 'one_shot': True, 'only': None, 'arguments': None, 'calls': 1}
2022-10-04 17:51:25,010 SelectorIOServicesAdapter.set_writer(776, <bound method _AsyncPlaintextTransport._on_socket_writable of <pika.adapters.utils.io_services_utils._AsyncPlaintextTransport object at 0x000001BB08F1CB80>>)
2022-10-04 17:51:25,010 set_writer(776, _) updated handler RdWr
2022-10-04 17:51:25,010 Turned on writability watcher: <socket.socket fd=776, family=AddressFamily.AF_INET6, type=SocketKind.SOCK_STREAM, proto=6, laddr=('::1', 59482, 0, 0), raddr=('::1', 5672, 0, 0)>
2022-10-04 17:51:25,011 SelectorIOServicesAdapter.remove_writer(776)
2022-10-04 17:51:25,011 remove_writer(776) updated handler Rd
2022-10-04 17:51:25,011 Turned off writability watcher: <socket.socket fd=776, family=AddressFamily.AF_INET6, type=SocketKind.SOCK_STREAM, proto=6, laddr=('::1', 59482, 0, 0), raddr=('::1', 5672, 0, 0)>
2022-10-04 17:51:25,012 Processing 0:Connection.CloseOk
2022-10-04 17:51:25,012 Processing use of oneshot callback
2022-10-04 17:51:25,012 0 registered uses left
2022-10-04 17:51:25,012 Removing callback #0: {'callback': <bound method Connection._on_connection_close_ok of <SelectConnection CLOSING transport=<pika.adapters.utils.io_services_utils._AsyncPlaintextTransport object at 0x000001BB08F1CB80> params=<ConnectionParameters host=localhost port=5672 virtual_host=/ ssl=False>>>, 'one_shot': True, 'only': None, 'arguments': None, 'calls': 0}
2022-10-04 17:51:25,012 Calling <bound method Connection._on_connection_close_ok of <SelectConnection CLOSING transport=<pika.adapters.utils.io_services_utils._AsyncPlaintextTransport object at 0x000001BB08F1CB80> params=<ConnectionParameters host=localhost port=5672 virtual_host=/ ssl=False>>> for "0:Connection.CloseOk"
2022-10-04 17:51:25,012 _on_connection_close_ok: frame=<METHOD(['channel_number=0', 'frame_type=1', 'method=<Connection.CloseOk>'])>
2022-10-04 17:51:25,012 Removing timer for next heartbeat send interval
2022-10-04 17:51:25,012 remove_timeout: removing timeout <pika.adapters.select_connection._Timeout object at 0x000001BB08F1CFA0> with deadline=344912.687 and callback=<bound method HeartbeatChecker._send_heartbeat of <pika.heartbeat.HeartbeatChecker object at 0x000001BB08F1C9D0>>
2022-10-04 17:51:25,012 Removing timer for next heartbeat check interval
2022-10-04 17:51:25,012 remove_timeout: removing timeout <pika.adapters.select_connection._Timeout object at 0x000001BB08F1C3A0> with deadline=344947.687 and callback=<bound method HeartbeatChecker._check_heartbeat of <pika.heartbeat.HeartbeatChecker object at 0x000001BB08F1C9D0>>
2022-10-04 17:51:25,012 Aborting transport connection: state=1; <socket.socket fd=776, family=AddressFamily.AF_INET6, type=SocketKind.SOCK_STREAM, proto=6, laddr=('::1', 59482, 0, 0), raddr=('::1', 5672, 0, 0)>
2022-10-04 17:51:25,012 _AsyncTransportBase._initate_abort(): Initiating abrupt asynchronous transport shutdown: state=1; error=None; <socket.socket fd=776, family=AddressFamily.AF_INET6, type=SocketKind.SOCK_STREAM, proto=6, laddr=('::1', 59482, 0, 0), raddr=('::1', 5672, 0, 0)>
2022-10-04 17:51:25,012 Deactivating transport: state=1; <socket.socket fd=776, family=AddressFamily.AF_INET6, type=SocketKind.SOCK_STREAM, proto=6, laddr=('::1', 59482, 0, 0), raddr=('::1', 5672, 0, 0)>
2022-10-04 17:51:25,012 SelectorIOServicesAdapter.remove_reader(776)
2022-10-04 17:51:25,013 remove_reader(776) removed handler
2022-10-04 17:51:25,013 SelectorIOServicesAdapter.remove_writer(776)
2022-10-04 17:51:25,013 remove_writer(776) neither was set.
2022-10-04 17:51:25,013 add_callback_threadsafe: added callback=functools.partial(<bound method _AsyncTransportBase._connection_lost_notify_async of <pika.adapters.utils.io_services_utils._AsyncPlaintextTransport object at 0x000001BB08F1CB80>>, None)
2022-10-04 17:51:25,013 Leaving Plaintext consumer due to inactive state: state=3; <socket.socket fd=776, family=AddressFamily.AF_INET6, type=SocketKind.SOCK_STREAM, proto=6, laddr=('::1', 59482, 0, 0), raddr=('::1', 5672, 0, 0)>
2022-10-04 17:51:25,013 process_timeouts: invoking callback=functools.partial(<bound method _AsyncTransportBase._connection_lost_notify_async of <pika.adapters.utils.io_services_utils._AsyncPlaintextTransport object at 0x000001BB08F1CB80>>, None)
2022-10-04 17:51:25,013 Concluding transport shutdown: state=3; error=None
2022-10-04 17:51:25,013 connection_lost: None
2022-10-04 17:51:25,013 AMQP stack terminated, failed to connect, or aborted: opened=True, error-arg=None; pending-error=ConnectionClosedByClient: (200) 'Normal shutdown'
2022-10-04 17:51:25,013 New Connection state: CLOSED (prev=CLOSING)
2022-10-04 17:51:25,013 Stack terminated due to ConnectionClosedByClient: (200) 'Normal shutdown'
2022-10-04 17:51:25,013 Processing 0:_on_connection_closed
2022-10-04 17:51:25,013 Calling <bound method _CallbackResult.set_value_once of <pika.adapters.blocking_connection._CallbackResult object at 0x000001BB08F390C0>> for "0:_on_connection_closed"
2022-10-04 17:51:25,013 New Connection state: CLOSED (prev=CLOSED)
2022-10-04 17:51:25,014 Added: {'callback': <bound method Connection._on_connection_start of <SelectConnection CLOSED transport=None params=<ConnectionParameters host=localhost port=5672 virtual_host=/ ssl=False>>>, 'one_shot': True, 'only': None, 'arguments': None, 'calls': 1}
2022-10-04 17:51:25,014 Incremented callback reference counter: {'callback': <bound method Connection._on_connection_close_from_broker of <SelectConnection CLOSED transport=None params=<ConnectionParameters host=localhost port=5672 virtual_host=/ ssl=False>>>, 'one_shot': True, 'only': None, 'arguments': None, 'calls': 2}
2022-10-04 17:51:25,014 Closing transport socket and unlinking: state=3; <socket.socket fd=776, family=AddressFamily.AF_INET6, type=SocketKind.SOCK_STREAM, proto=6, laddr=('::1', 59482, 0, 0), raddr=('::1', 5672, 0, 0)>
2022-10-04 17:51:25,014 User-initiated close: result=BlockingConnection__OnClosedArgs(connection=<SelectConnection CLOSED transport=None params=<ConnectionParameters host=localhost port=5672 virtual_host=/ ssl=False>>, error=ConnectionClosedByClient: (200) 'Normal shutdown')
2022-10-04 17:51:25,015 Using SelectPoller
2022-10-04 17:51:25,016 Created default connection workflow <pika.adapters.utils.connection_workflow.AMQPConnectionWorkflow object at 0x000001BB08F1CA90>
2022-10-04 17:51:25,016 Starting AMQP Connection workflow asynchronously.
2022-10-04 17:51:25,017 call_later: added timeout <pika.adapters.select_connection._Timeout object at 0x000001BB08F1C940> with deadline=344882.718 and callback=functools.partial(<bound method AMQPConnectionWorkflow._start_new_cycle_async of <pika.adapters.utils.connection_workflow.AMQPConnectionWorkflow object at 0x000001BB08F1CA90>>, first=True); now=344882.718; delay=0
2022-10-04 17:51:25,017 Beginning a new AMQP connection workflow cycle; attempts remaining after this: 0
2022-10-04 17:51:25,017 call_later: added timeout <pika.adapters.select_connection._Timeout object at 0x000001BB08F1CFD0> with deadline=344882.718 and callback=<bound method AMQPConnectionWorkflow._try_next_config_async of <pika.adapters.utils.connection_workflow.AMQPConnectionWorkflow object at 0x000001BB08F1CA90>>; now=344882.718; delay=0
2022-10-04 17:51:25,017 _try_next_config_async: 'localhost':5672
2022-10-04 17:51:25,018 add_callback_threadsafe: added callback=<bound method _AddressResolver._dispatch_result of <pika.adapters.utils.selector_ioloop_adapter._AddressResolver object at 0x000001BB08F1C4F0>>
2022-10-04 17:51:25,018 process_timeouts: invoking callback=<bound method _AddressResolver._dispatch_result of <pika.adapters.utils.selector_ioloop_adapter._AddressResolver object at 0x000001BB08F1C4F0>>
2022-10-04 17:51:25,018 Invoking asynchronous getaddrinfo() completion callback; host='localhost'
2022-10-04 17:51:25,018 getaddrinfo returned 2 records
2022-10-04 17:51:25,018 Attempting to connect using address record (<AddressFamily.AF_INET6: 23>, <SocketKind.SOCK_STREAM: 1>, 6, '', ('::1', 5672, 0, 0))
2022-10-04 17:51:25,018 Pika version 1.3.0 connecting to ('::1', 5672, 0, 0)
2022-10-04 17:51:25,019 add_callback_threadsafe: added callback=<bound method _AsyncSocketConnector._start_async of <pika.adapters.utils.io_services_utils._AsyncSocketConnector object at 0x000001BB08F0B4F0>>
2022-10-04 17:51:25,019 call_later: added timeout <pika.adapters.select_connection._Timeout object at 0x000001BB08F0B5B0> with deadline=344892.718 and callback=<bound method AMQPConnector._on_tcp_connection_timeout of <pika.adapters.utils.connection_workflow.AMQPConnector object at 0x000001BB08F0B580>>; now=344882.718; delay=10.0
2022-10-04 17:51:25,019 call_later: added timeout <pika.adapters.select_connection._Timeout object at 0x000001BB08F1C940> with deadline=344897.718 and callback=<bound method AMQPConnector._on_overall_timeout of <pika.adapters.utils.connection_workflow.AMQPConnector object at 0x000001BB08F0B580>>; now=344882.718; delay=15.0
2022-10-04 17:51:25,019 process_timeouts: invoking callback=<bound method _AsyncSocketConnector._start_async of <pika.adapters.utils.io_services_utils._AsyncSocketConnector object at 0x000001BB08F0B4F0>>
2022-10-04 17:51:25,019 SelectorIOServicesAdapter.set_writer(172, <bound method _AsyncSocketConnector._on_writable of <pika.adapters.utils.io_services_utils._AsyncSocketConnector object at 0x000001BB08F0B4F0>>)
2022-10-04 17:51:25,019 set_writer(172, _) added handler Wr
2022-10-04 17:51:25,020 Connection-establishment is in progress for <socket.socket fd=172, family=AddressFamily.AF_INET6, type=SocketKind.SOCK_STREAM, proto=6, laddr=('::1', 59485, 0, 0), raddr=('::1', 5672, 0, 0)>.
2022-10-04 17:51:25,020 Socket connected: <socket.socket fd=172, family=AddressFamily.AF_INET6, type=SocketKind.SOCK_STREAM, proto=6, laddr=('::1', 59485, 0, 0), raddr=('::1', 5672, 0, 0)>
2022-10-04 17:51:25,020 _AsyncSocketConnector._report_completion(None); <socket.socket fd=172, family=AddressFamily.AF_INET6, type=SocketKind.SOCK_STREAM, proto=6, laddr=('::1', 59485, 0, 0), raddr=('::1', 5672, 0, 0)>
2022-10-04 17:51:25,020 SelectorIOServicesAdapter.remove_writer(172)
2022-10-04 17:51:25,020 remove_writer(172) removed handler
2022-10-04 17:51:25,020 remove_timeout: removing timeout <pika.adapters.select_connection._Timeout object at 0x000001BB08F0B5B0> with deadline=344892.718 and callback=<bound method AMQPConnector._on_tcp_connection_timeout of <pika.adapters.utils.connection_workflow.AMQPConnector object at 0x000001BB08F0B580>>
2022-10-04 17:51:25,020 TCP connection to broker established: <socket.socket fd=172, family=AddressFamily.AF_INET6, type=SocketKind.SOCK_STREAM, proto=6, laddr=('::1', 59485, 0, 0), raddr=('::1', 5672, 0, 0)>.
2022-10-04 17:51:25,020 _AsyncStreamConnector.start(); <socket.socket fd=172, family=AddressFamily.AF_INET6, type=SocketKind.SOCK_STREAM, proto=6, laddr=('::1', 59485, 0, 0), raddr=('::1', 5672, 0, 0)>
2022-10-04 17:51:25,020 add_callback_threadsafe: added callback=<bound method _AsyncStreamConnector._start_async of <pika.adapters.utils.io_services_utils._AsyncStreamConnector object at 0x000001BB08F0B190>>
2022-10-04 17:51:25,021 process_timeouts: invoking callback=<bound method _AsyncStreamConnector._start_async of <pika.adapters.utils.io_services_utils._AsyncStreamConnector object at 0x000001BB08F0B190>>
2022-10-04 17:51:25,021 _AsyncStreamConnector._start_async(); <socket.socket fd=172, family=AddressFamily.AF_INET6, type=SocketKind.SOCK_STREAM, proto=6, laddr=('::1', 59485, 0, 0), raddr=('::1', 5672, 0, 0)>
2022-10-04 17:51:25,021 _AsyncStreamConnector._linkup()
2022-10-04 17:51:25,021 New Connection state: CLOSED (prev=CLOSED)
2022-10-04 17:51:25,021 Added: {'callback': <bound method Connection._on_connection_start of <SelectConnection CLOSED transport=None params=<ConnectionParameters host=localhost port=5672 virtual_host=/ ssl=False>>>, 'one_shot': True, 'only': None, 'arguments': None, 'calls': 1}
2022-10-04 17:51:25,021 Added: {'callback': <bound method Connection._on_connection_close_from_broker of <SelectConnection CLOSED transport=None params=<ConnectionParameters host=localhost port=5672 virtual_host=/ ssl=False>>>, 'one_shot': True, 'only': None, 'arguments': None, 'calls': 1}
2022-10-04 17:51:25,021 Added: {'callback': <bound method Connection._default_on_connection_error of <SelectConnection CLOSED transport=None params=<ConnectionParameters host=localhost port=5672 virtual_host=/ ssl=False>>>, 'one_shot': False, 'only': None, 'arguments': None}
2022-10-04 17:51:25,021 New Connection state: INIT (prev=CLOSED)
2022-10-04 17:51:25,021 Using external connection workflow.
2022-10-04 17:51:25,022 _AsyncTransportBase.__init__: <socket.socket fd=172, family=AddressFamily.AF_INET6, type=SocketKind.SOCK_STREAM, proto=6, laddr=('::1', 59485, 0, 0), raddr=('::1', 5672, 0, 0)>
2022-10-04 17:51:25,022 SelectorIOServicesAdapter.set_reader(172, <bound method _AsyncPlaintextTransport._on_socket_readable of <pika.adapters.utils.io_services_utils._AsyncPlaintextTransport object at 0x000001BB08F0B2E0>>)
2022-10-04 17:51:25,022 set_reader(172, _) added handler Rd
2022-10-04 17:51:25,022 _linkup(): created transport <pika.adapters.utils.io_services_utils._AsyncPlaintextTransport object at 0x000001BB08F0B2E0>
2022-10-04 17:51:25,022 New Connection state: PROTOCOL (prev=INIT)
2022-10-04 17:51:25,022 SelectorIOServicesAdapter.set_writer(172, <bound method _AsyncPlaintextTransport._on_socket_writable of <pika.adapters.utils.io_services_utils._AsyncPlaintextTransport object at 0x000001BB08F0B2E0>>)
2022-10-04 17:51:25,022 set_writer(172, _) updated handler RdWr
2022-10-04 17:51:25,022 Turned on writability watcher: <socket.socket fd=172, family=AddressFamily.AF_INET6, type=SocketKind.SOCK_STREAM, proto=6, laddr=('::1', 59485, 0, 0), raddr=('::1', 5672, 0, 0)>
2022-10-04 17:51:25,022 _linkup(): introduced transport to protocol <pika.adapters.utils.io_services_utils._AsyncPlaintextTransport object at 0x000001BB08F0B2E0>; _StreamingProtocolShim: <SelectConnection PROTOCOL transport=<pika.adapters.utils.io_services_utils._AsyncPlaintextTransport object at 0x000001BB08F0B2E0> params=<ConnectionParameters host=localhost port=5672 virtual_host=/ ssl=False>>
2022-10-04 17:51:25,023 _AsyncStreamConnector._report_completion((<pika.adapters.utils.io_services_utils._AsyncPlaintextTransport object at 0x000001BB08F0B2E0>, _StreamingProtocolShim: <SelectConnection PROTOCOL transport=<pika.adapters.utils.io_services_utils._AsyncPlaintextTransport object at 0x000001BB08F0B2E0> params=<ConnectionParameters host=localhost port=5672 virtual_host=/ ssl=False>>)); <socket.socket fd=172, family=AddressFamily.AF_INET6, type=SocketKind.SOCK_STREAM, proto=6, laddr=('::1', 59485, 0, 0), raddr=('::1', 5672, 0, 0)>
2022-10-04 17:51:25,023 Streaming transport linked up: (<pika.adapters.utils.io_services_utils._AsyncPlaintextTransport object at 0x000001BB08F0B2E0>, _StreamingProtocolShim: <SelectConnection PROTOCOL transport=<pika.adapters.utils.io_services_utils._AsyncPlaintextTransport object at 0x000001BB08F0B2E0> params=<ConnectionParameters host=localhost port=5672 virtual_host=/ ssl=False>>).
2022-10-04 17:51:25,023 Removing callback #0: {'callback': <bound method Connection._default_on_connection_error of <SelectConnection PROTOCOL transport=<pika.adapters.utils.io_services_utils._AsyncPlaintextTransport object at 0x000001BB08F0B2E0> params=<ConnectionParameters host=localhost port=5672 virtual_host=/ ssl=False>>>, 'one_shot': False, 'only': None, 'arguments': None}
2022-10-04 17:51:25,023 Added: {'callback': <bound method AMQPConnector._on_amqp_handshake_done of <pika.adapters.utils.connection_workflow.AMQPConnector object at 0x000001BB08F0B580>>, 'one_shot': False, 'only': None, 'arguments': None}
2022-10-04 17:51:25,023 Added: {'callback': <bound method AMQPConnector._on_amqp_handshake_done of <pika.adapters.utils.connection_workflow.AMQPConnector object at 0x000001BB08F0B580>>, 'one_shot': False, 'only': None, 'arguments': None}
2022-10-04 17:51:25,023 _AsyncStreamConnector._cleanup(False)
2022-10-04 17:51:25,023 SelectorIOServicesAdapter.remove_writer(172)
2022-10-04 17:51:25,023 remove_writer(172) updated handler Rd
2022-10-04 17:51:25,023 Turned off writability watcher: <socket.socket fd=172, family=AddressFamily.AF_INET6, type=SocketKind.SOCK_STREAM, proto=6, laddr=('::1', 59485, 0, 0), raddr=('::1', 5672, 0, 0)>
2022-10-04 17:51:25,025 Processing 0:Connection.Start
2022-10-04 17:51:25,025 Processing use of oneshot callback
2022-10-04 17:51:25,025 0 registered uses left
2022-10-04 17:51:25,025 Removing callback #0: {'callback': <bound method Connection._on_connection_start of <SelectConnection PROTOCOL transport=<pika.adapters.utils.io_services_utils._AsyncPlaintextTransport object at 0x000001BB08F0B2E0> params=<ConnectionParameters host=localhost port=5672 virtual_host=/ ssl=False>>>, 'one_shot': True, 'only': None, 'arguments': None, 'calls': 0}
2022-10-04 17:51:25,025 Calling <bound method Connection._on_connection_start of <SelectConnection PROTOCOL transport=<pika.adapters.utils.io_services_utils._AsyncPlaintextTransport object at 0x000001BB08F0B2E0> params=<ConnectionParameters host=localhost port=5672 virtual_host=/ ssl=False>>> for "0:Connection.Start"
2022-10-04 17:51:25,025 New Connection state: START (prev=PROTOCOL)
2022-10-04 17:51:25,026 Added: {'callback': <bound method Connection._on_connection_tune of <SelectConnection START transport=<pika.adapters.utils.io_services_utils._AsyncPlaintextTransport object at 0x000001BB08F0B2E0> params=<ConnectionParameters host=localhost port=5672 virtual_host=/ ssl=False>>>, 'one_shot': True, 'only': None, 'arguments': None, 'calls': 1}
2022-10-04 17:51:25,026 SelectorIOServicesAdapter.set_writer(172, <bound method _AsyncPlaintextTransport._on_socket_writable of <pika.adapters.utils.io_services_utils._AsyncPlaintextTransport object at 0x000001BB08F0B2E0>>)
2022-10-04 17:51:25,026 set_writer(172, _) updated handler RdWr
2022-10-04 17:51:25,026 Turned on writability watcher: <socket.socket fd=172, family=AddressFamily.AF_INET6, type=SocketKind.SOCK_STREAM, proto=6, laddr=('::1', 59485, 0, 0), raddr=('::1', 5672, 0, 0)>
2022-10-04 17:51:25,026 Recv would block on <socket.socket fd=172, family=AddressFamily.AF_INET6, type=SocketKind.SOCK_STREAM, proto=6, laddr=('::1', 59485, 0, 0), raddr=('::1', 5672, 0, 0)>
2022-10-04 17:51:25,026 SelectorIOServicesAdapter.remove_writer(172)
2022-10-04 17:51:25,026 remove_writer(172) updated handler Rd
2022-10-04 17:51:25,026 Turned off writability watcher: <socket.socket fd=172, family=AddressFamily.AF_INET6, type=SocketKind.SOCK_STREAM, proto=6, laddr=('::1', 59485, 0, 0), raddr=('::1', 5672, 0, 0)>
2022-10-04 17:51:25,027 Processing 0:Connection.Tune
2022-10-04 17:51:25,027 Processing use of oneshot callback
2022-10-04 17:51:25,028 0 registered uses left
2022-10-04 17:51:25,028 Removing callback #0: {'callback': <bound method Connection._on_connection_tune of <SelectConnection START transport=<pika.adapters.utils.io_services_utils._AsyncPlaintextTransport object at 0x000001BB08F0B2E0> params=<ConnectionParameters host=localhost port=5672 virtual_host=/ ssl=False>>>, 'one_shot': True, 'only': None, 'arguments': None, 'calls': 0}
2022-10-04 17:51:25,028 Calling <bound method Connection._on_connection_tune of <SelectConnection START transport=<pika.adapters.utils.io_services_utils._AsyncPlaintextTransport object at 0x000001BB08F0B2E0> params=<ConnectionParameters host=localhost port=5672 virtual_host=/ ssl=False>>> for "0:Connection.Tune"
2022-10-04 17:51:25,028 New Connection state: TUNE (prev=START)
2022-10-04 17:51:25,028 Creating a HeartbeatChecker: 60
2022-10-04 17:51:25,028 timeout: 60.000000 send_interval: 30.000000 check_interval: 65.000000
2022-10-04 17:51:25,028 call_later: added timeout <pika.adapters.select_connection._Timeout object at 0x000001BB08F1C550> with deadline=344912.734 and callback=<bound method HeartbeatChecker._send_heartbeat of <pika.heartbeat.HeartbeatChecker object at 0x000001BB08F1C4C0>>; now=344882.734; delay=30.0
2022-10-04 17:51:25,028 call_later: added timeout <pika.adapters.select_connection._Timeout object at 0x000001BB08F1C640> with deadline=344947.734 and callback=<bound method HeartbeatChecker._check_heartbeat of <pika.heartbeat.HeartbeatChecker object at 0x000001BB08F1C4C0>>; now=344882.734; delay=65
2022-10-04 17:51:25,028 SelectorIOServicesAdapter.set_writer(172, <bound method _AsyncPlaintextTransport._on_socket_writable of <pika.adapters.utils.io_services_utils._AsyncPlaintextTransport object at 0x000001BB08F0B2E0>>)
2022-10-04 17:51:25,028 set_writer(172, _) updated handler RdWr
2022-10-04 17:51:25,028 Turned on writability watcher: <socket.socket fd=172, family=AddressFamily.AF_INET6, type=SocketKind.SOCK_STREAM, proto=6, laddr=('::1', 59485, 0, 0), raddr=('::1', 5672, 0, 0)>
2022-10-04 17:51:25,028 Added: {'callback': <bound method Connection._on_connection_open_ok of <SelectConnection TUNE transport=<pika.adapters.utils.io_services_utils._AsyncPlaintextTransport object at 0x000001BB08F0B2E0> params=<ConnectionParameters host=localhost port=5672 virtual_host=/ ssl=False>>>, 'one_shot': True, 'only': None, 'arguments': None, 'calls': 1}
2022-10-04 17:51:25,028 Recv would block on <socket.socket fd=172, family=AddressFamily.AF_INET6, type=SocketKind.SOCK_STREAM, proto=6, laddr=('::1', 59485, 0, 0), raddr=('::1', 5672, 0, 0)>
2022-10-04 17:51:25,029 SelectorIOServicesAdapter.remove_writer(172)
2022-10-04 17:51:25,029 remove_writer(172) updated handler Rd
2022-10-04 17:51:25,029 Turned off writability watcher: <socket.socket fd=172, family=AddressFamily.AF_INET6, type=SocketKind.SOCK_STREAM, proto=6, laddr=('::1', 59485, 0, 0), raddr=('::1', 5672, 0, 0)>
2022-10-04 17:51:25,030 Processing 0:Connection.OpenOk
2022-10-04 17:51:25,030 Processing use of oneshot callback
2022-10-04 17:51:25,030 0 registered uses left
2022-10-04 17:51:25,030 Removing callback #0: {'callback': <bound method Connection._on_connection_open_ok of <SelectConnection TUNE transport=<pika.adapters.utils.io_services_utils._AsyncPlaintextTransport object at 0x000001BB08F0B2E0> params=<ConnectionParameters host=localhost port=5672 virtual_host=/ ssl=False>>>, 'one_shot': True, 'only': None, 'arguments': None, 'calls': 0}
2022-10-04 17:51:25,030 Calling <bound method Connection._on_connection_open_ok of <SelectConnection TUNE transport=<pika.adapters.utils.io_services_utils._AsyncPlaintextTransport object at 0x000001BB08F0B2E0> params=<ConnectionParameters host=localhost port=5672 virtual_host=/ ssl=False>>> for "0:Connection.OpenOk"
2022-10-04 17:51:25,030 New Connection state: OPEN (prev=TUNE)
2022-10-04 17:51:25,030 Processing 0:_on_connection_open_ok
2022-10-04 17:51:25,030 Calling <bound method AMQPConnector._on_amqp_handshake_done of <pika.adapters.utils.connection_workflow.AMQPConnector object at 0x000001BB08F0B580>> for "0:_on_connection_open_ok"
2022-10-04 17:51:25,030 AMQPConnector: AMQP handshake attempt completed; state=3; error=None; 'localhost'/(<AddressFamily.AF_INET6: 23>, <SocketKind.SOCK_STREAM: 1>, 6, '', ('::1', 5672, 0, 0))
2022-10-04 17:51:25,030 AMQPConnector: AMQP connection established for 'localhost'/(<AddressFamily.AF_INET6: 23>, <SocketKind.SOCK_STREAM: 1>, 6, '', ('::1', 5672, 0, 0)): <SelectConnection OPEN transport=<pika.adapters.utils.io_services_utils._AsyncPlaintextTransport object at 0x000001BB08F0B2E0> params=<ConnectionParameters host=localhost port=5672 virtual_host=/ ssl=False>>
2022-10-04 17:51:25,030 AMQPConnector - reporting success: <SelectConnection OPEN transport=<pika.adapters.utils.io_services_utils._AsyncPlaintextTransport object at 0x000001BB08F0B2E0> params=<ConnectionParameters host=localhost port=5672 virtual_host=/ ssl=False>>
2022-10-04 17:51:25,031 remove_timeout: removing timeout <pika.adapters.select_connection._Timeout object at 0x000001BB08F1C940> with deadline=344897.718 and callback=<bound method AMQPConnector._on_overall_timeout of <pika.adapters.utils.connection_workflow.AMQPConnector object at 0x000001BB08F0B580>>
2022-10-04 17:51:25,031 Connection attempt completed with <SelectConnection OPEN transport=<pika.adapters.utils.io_services_utils._AsyncPlaintextTransport object at 0x000001BB08F0B2E0> params=<ConnectionParameters host=localhost port=5672 virtual_host=/ ssl=False>>
2022-10-04 17:51:25,031 AMQPConnectionWorkflow - reporting success: <SelectConnection OPEN transport=<pika.adapters.utils.io_services_utils._AsyncPlaintextTransport object at 0x000001BB08F0B2E0> params=<ConnectionParameters host=localhost port=5672 virtual_host=/ ssl=False>>
2022-10-04 17:51:25,031 Recv would block on <socket.socket fd=172, family=AddressFamily.AF_INET6, type=SocketKind.SOCK_STREAM, proto=6, laddr=('::1', 59485, 0, 0), raddr=('::1', 5672, 0, 0)>
2022-10-04 17:51:25,031 Connection workflow succeeded: <SelectConnection OPEN transport=<pika.adapters.utils.io_services_utils._AsyncPlaintextTransport object at 0x000001BB08F0B2E0> params=<ConnectionParameters host=localhost port=5672 virtual_host=/ ssl=False>>
2022-10-04 17:51:25,031 Added: {'callback': <bound method _CallbackResult.set_value_once of <pika.adapters.blocking_connection._CallbackResult object at 0x000001BB08ED6700>>, 'one_shot': False, 'only': None, 'arguments': None}
2022-10-04 17:51:25,031 Creating channel 1
2022-10-04 17:51:25,031 Added: {'callback': <bound method Connection._on_channel_cleanup of <SelectConnection OPEN transport=<pika.adapters.utils.io_services_utils._AsyncPlaintextTransport object at 0x000001BB08F0B2E0> params=<ConnectionParameters host=localhost port=5672 virtual_host=/ ssl=False>>>, 'one_shot': True, 'only': <Channel number=1 CLOSED conn=<SelectConnection OPEN transport=<pika.adapters.utils.io_services_utils._AsyncPlaintextTransport object at 0x000001BB08F0B2E0> params=<ConnectionParameters host=localhost port=5672 virtual_host=/ ssl=False>>>, 'arguments': None, 'calls': 1}
2022-10-04 17:51:25,031 Added: {'callback': <bound method Channel._on_getempty of <Channel number=1 OPENING conn=<SelectConnection OPEN transport=<pika.adapters.utils.io_services_utils._AsyncPlaintextTransport object at 0x000001BB08F0B2E0> params=<ConnectionParameters host=localhost port=5672 virtual_host=/ ssl=False>>>>, 'one_shot': False, 'only': None, 'arguments': None}
2022-10-04 17:51:25,031 Added: {'callback': <bound method Channel._on_cancel of <Channel number=1 OPENING conn=<SelectConnection OPEN transport=<pika.adapters.utils.io_services_utils._AsyncPlaintextTransport object at 0x000001BB08F0B2E0> params=<ConnectionParameters host=localhost port=5672 virtual_host=/ ssl=False>>>>, 'one_shot': False, 'only': None, 'arguments': None}
2022-10-04 17:51:25,031 Added: {'callback': <bound method Channel._on_flow of <Channel number=1 OPENING conn=<SelectConnection OPEN transport=<pika.adapters.utils.io_services_utils._AsyncPlaintextTransport object at 0x000001BB08F0B2E0> params=<ConnectionParameters host=localhost port=5672 virtual_host=/ ssl=False>>>>, 'one_shot': False, 'only': None, 'arguments': None}
2022-10-04 17:51:25,031 Added: {'callback': <bound method Channel._on_close_from_broker of <Channel number=1 OPENING conn=<SelectConnection OPEN transport=<pika.adapters.utils.io_services_utils._AsyncPlaintextTransport object at 0x000001BB08F0B2E0> params=<ConnectionParameters host=localhost port=5672 virtual_host=/ ssl=False>>>>, 'one_shot': True, 'only': None, 'arguments': None, 'calls': 1}
2022-10-04 17:51:25,031 SelectorIOServicesAdapter.set_writer(172, <bound method _AsyncPlaintextTransport._on_socket_writable of <pika.adapters.utils.io_services_utils._AsyncPlaintextTransport object at 0x000001BB08F0B2E0>>)
2022-10-04 17:51:25,032 set_writer(172, _) updated handler RdWr
2022-10-04 17:51:25,032 Turned on writability watcher: <socket.socket fd=172, family=AddressFamily.AF_INET6, type=SocketKind.SOCK_STREAM, proto=6, laddr=('::1', 59485, 0, 0), raddr=('::1', 5672, 0, 0)>
2022-10-04 17:51:25,032 Entering blocking state on frame <Channel.Open(['out_of_band='])>; acceptable_replies=[<class 'pika.spec.Channel.OpenOk'>]
2022-10-04 17:51:25,032 Adding on_synchronous_complete callback
2022-10-04 17:51:25,032 Added: {'callback': <bound method Channel._on_synchronous_complete of <Channel number=1 OPENING conn=<SelectConnection OPEN transport=<pika.adapters.utils.io_services_utils._AsyncPlaintextTransport object at 0x000001BB08F0B2E0> params=<ConnectionParameters host=localhost port=5672 virtual_host=/ ssl=False>>>>, 'one_shot': True, 'only': None, 'arguments': None, 'calls': 1}
2022-10-04 17:51:25,032 Adding passed-in RPC response callback
2022-10-04 17:51:25,032 Added: {'callback': <bound method Channel._on_openok of <Channel number=1 OPENING conn=<SelectConnection OPEN transport=<pika.adapters.utils.io_services_utils._AsyncPlaintextTransport object at 0x000001BB08F0B2E0> params=<ConnectionParameters host=localhost port=5672 virtual_host=/ ssl=False>>>>, 'one_shot': True, 'only': None, 'arguments': None, 'calls': 1}
2022-10-04 17:51:25,032 Added: {'callback': <bound method BlockingChannel._on_consumer_cancelled_by_broker of <BlockingChannel impl=<Channel number=1 OPENING conn=<SelectConnection OPEN transport=<pika.adapters.utils.io_services_utils._AsyncPlaintextTransport object at 0x000001BB08F0B2E0> params=<ConnectionParameters host=localhost port=5672 virtual_host=/ ssl=False>>>>>, 'one_shot': False, 'only': None, 'arguments': None}
2022-10-04 17:51:25,032 Added: {'callback': <bound method _CallbackResult.signal_once of <pika.adapters.blocking_connection._CallbackResult object at 0x000001BB08F2ED80>>, 'one_shot': False, 'only': None, 'arguments': None}
2022-10-04 17:51:25,032 Added: {'callback': <bound method BlockingChannel._on_channel_closed of <BlockingChannel impl=<Channel number=1 OPENING conn=<SelectConnection OPEN transport=<pika.adapters.utils.io_services_utils._AsyncPlaintextTransport object at 0x000001BB08F0B2E0> params=<ConnectionParameters host=localhost port=5672 virtual_host=/ ssl=False>>>>>, 'one_shot': False, 'only': <Channel number=1 OPENING conn=<SelectConnection OPEN transport=<pika.adapters.utils.io_services_utils._AsyncPlaintextTransport object at 0x000001BB08F0B2E0> params=<ConnectionParameters host=localhost port=5672 virtual_host=/ ssl=False>>>, 'arguments': None}
2022-10-04 17:51:25,032 Added: {'callback': <bound method _CallbackResult.set_value_once of <pika.adapters.blocking_connection._CallbackResult object at 0x000001BB08F07480>>, 'one_shot': False, 'only': None, 'arguments': None}
2022-10-04 17:51:25,032 Created channel=1
2022-10-04 17:51:25,032 SelectorIOServicesAdapter.remove_writer(172)
2022-10-04 17:51:25,033 remove_writer(172) updated handler Rd
2022-10-04 17:51:25,033 Turned off writability watcher: <socket.socket fd=172, family=AddressFamily.AF_INET6, type=SocketKind.SOCK_STREAM, proto=6, laddr=('::1', 59485, 0, 0), raddr=('::1', 5672, 0, 0)>
2022-10-04 17:51:25,034 Processing 1:Channel.OpenOk
2022-10-04 17:51:25,034 Processing use of oneshot callback
2022-10-04 17:51:25,034 0 registered uses left
2022-10-04 17:51:25,034 Removing callback #0: {'callback': <bound method Channel._on_synchronous_complete of <Channel number=1 OPENING conn=<SelectConnection OPEN transport=<pika.adapters.utils.io_services_utils._AsyncPlaintextTransport object at 0x000001BB08F0B2E0> params=<ConnectionParameters host=localhost port=5672 virtual_host=/ ssl=False>>>>, 'one_shot': True, 'only': None, 'arguments': None, 'calls': 0}
2022-10-04 17:51:25,034 Processing use of oneshot callback
2022-10-04 17:51:25,034 0 registered uses left
2022-10-04 17:51:25,034 Removing callback #0: {'callback': <bound method Channel._on_openok of <Channel number=1 OPENING conn=<SelectConnection OPEN transport=<pika.adapters.utils.io_services_utils._AsyncPlaintextTransport object at 0x000001BB08F0B2E0> params=<ConnectionParameters host=localhost port=5672 virtual_host=/ ssl=False>>>>, 'one_shot': True, 'only': None, 'arguments': None, 'calls': 0}
2022-10-04 17:51:25,034 Calling <bound method Channel._on_synchronous_complete of <Channel number=1 OPENING conn=<SelectConnection OPEN transport=<pika.adapters.utils.io_services_utils._AsyncPlaintextTransport object at 0x000001BB08F0B2E0> params=<ConnectionParameters host=localhost port=5672 virtual_host=/ ssl=False>>>> for "1:Channel.OpenOk"
2022-10-04 17:51:25,035 0 blocked frames
2022-10-04 17:51:25,035 Calling <bound method Channel._on_openok of <Channel number=1 OPENING conn=<SelectConnection OPEN transport=<pika.adapters.utils.io_services_utils._AsyncPlaintextTransport object at 0x000001BB08F0B2E0> params=<ConnectionParameters host=localhost port=5672 virtual_host=/ ssl=False>>>> for "1:Channel.OpenOk"
2022-10-04 17:51:25,035 Recv would block on <socket.socket fd=172, family=AddressFamily.AF_INET6, type=SocketKind.SOCK_STREAM, proto=6, laddr=('::1', 59485, 0, 0), raddr=('::1', 5672, 0, 0)>
2022-10-04 17:51:25,035 SelectorIOServicesAdapter.set_writer(172, <bound method _AsyncPlaintextTransport._on_socket_writable of <pika.adapters.utils.io_services_utils._AsyncPlaintextTransport object at 0x000001BB08F0B2E0>>)
2022-10-04 17:51:25,035 set_writer(172, _) updated handler RdWr
2022-10-04 17:51:25,035 Turned on writability watcher: <socket.socket fd=172, family=AddressFamily.AF_INET6, type=SocketKind.SOCK_STREAM, proto=6, laddr=('::1', 59485, 0, 0), raddr=('::1', 5672, 0, 0)>
2022-10-04 17:51:25,035 Entering blocking state on frame <Queue.Declare(['arguments={}', 'auto_delete=False', 'durable=True', 'exclusive=False', 'nowait=False', 'passive=False', 'queue=q.messenger', 'ticket=0'])>; acceptable_replies=[(<class 'pika.spec.Queue.DeclareOk'>, {'queue': 'q.messenger'})]
2022-10-04 17:51:25,035 Adding on_synchronous_complete callback
2022-10-04 17:51:25,036 Added: {'callback': <bound method Channel._on_synchronous_complete of <Channel number=1 OPEN conn=<SelectConnection OPEN transport=<pika.adapters.utils.io_services_utils._AsyncPlaintextTransport object at 0x000001BB08F0B2E0> params=<ConnectionParameters host=localhost port=5672 virtual_host=/ ssl=False>>>>, 'one_shot': True, 'only': None, 'arguments': {'queue': 'q.messenger'}, 'calls': 1}
2022-10-04 17:51:25,036 Adding passed-in RPC response callback
2022-10-04 17:51:25,036 Added: {'callback': <bound method _CallbackResult.set_value_once of <pika.adapters.blocking_connection._CallbackResult object at 0x000001BB08F2E740>>, 'one_shot': True, 'only': None, 'arguments': {'queue': 'q.messenger'}, 'calls': 1}
2022-10-04 17:51:25,036 SelectorIOServicesAdapter.remove_writer(172)
2022-10-04 17:51:25,037 remove_writer(172) updated handler Rd
2022-10-04 17:51:25,037 Turned off writability watcher: <socket.socket fd=172, family=AddressFamily.AF_INET6, type=SocketKind.SOCK_STREAM, proto=6, laddr=('::1', 59485, 0, 0), raddr=('::1', 5672, 0, 0)>
2022-10-04 17:51:25,038 Processing 1:Queue.DeclareOk
2022-10-04 17:51:25,038 Processing use of oneshot callback
2022-10-04 17:51:25,038 0 registered uses left
2022-10-04 17:51:25,038 Comparing {'queue': 'q.messenger'} to {'queue': 'q.messenger'}
2022-10-04 17:51:25,038 Removing callback #0: {'callback': <bound method Channel._on_synchronous_complete of <Channel number=1 OPEN conn=<SelectConnection OPEN transport=<pika.adapters.utils.io_services_utils._AsyncPlaintextTransport object at 0x000001BB08F0B2E0> params=<ConnectionParameters host=localhost port=5672 virtual_host=/ ssl=False>>>>, 'one_shot': True, 'only': None, 'arguments': {'queue': 'q.messenger'}, 'calls': 0}
2022-10-04 17:51:25,038 Processing use of oneshot callback
2022-10-04 17:51:25,038 0 registered uses left
2022-10-04 17:51:25,039 Comparing {'queue': 'q.messenger'} to {'queue': 'q.messenger'}
2022-10-04 17:51:25,039 Removing callback #0: {'callback': <bound method _CallbackResult.set_value_once of <pika.adapters.blocking_connection._CallbackResult object at 0x000001BB08F2E740>>, 'one_shot': True, 'only': None, 'arguments': {'queue': 'q.messenger'}, 'calls': 0}
2022-10-04 17:51:25,039 Calling <bound method Channel._on_synchronous_complete of <Channel number=1 OPEN conn=<SelectConnection OPEN transport=<pika.adapters.utils.io_services_utils._AsyncPlaintextTransport object at 0x000001BB08F0B2E0> params=<ConnectionParameters host=localhost port=5672 virtual_host=/ ssl=False>>>> for "1:Queue.DeclareOk"
2022-10-04 17:51:25,039 0 blocked frames
2022-10-04 17:51:25,039 Calling <bound method _CallbackResult.set_value_once of <pika.adapters.blocking_connection._CallbackResult object at 0x000001BB08F2E740>> for "1:Queue.DeclareOk"
2022-10-04 17:51:25,039 Recv would block on <socket.socket fd=172, family=AddressFamily.AF_INET6, type=SocketKind.SOCK_STREAM, proto=6, laddr=('::1', 59485, 0, 0), raddr=('::1', 5672, 0, 0)>
2022-10-04 17:51:25,039 SelectorIOServicesAdapter.set_writer(172, <bound method _AsyncPlaintextTransport._on_socket_writable of <pika.adapters.utils.io_services_utils._AsyncPlaintextTransport object at 0x000001BB08F0B2E0>>)
2022-10-04 17:51:25,039 set_writer(172, _) updated handler RdWr
2022-10-04 17:51:25,039 Turned on writability watcher: <socket.socket fd=172, family=AddressFamily.AF_INET6, type=SocketKind.SOCK_STREAM, proto=6, laddr=('::1', 59485, 0, 0), raddr=('::1', 5672, 0, 0)>
2022-10-04 17:51:25,040 Entering blocking state on frame <Basic.Consume(['arguments={}', 'consumer_tag=ctag1.eb4068011bbf4b0c90f0a8ecd8868036', 'exclusive=False', 'no_ack=True', 'no_local=False', 'nowait=False', 'queue=q.messenger', 'ticket=0'])>; acceptable_replies=[(<class 'pika.spec.Basic.ConsumeOk'>, {'consumer_tag': 'ctag1.eb4068011bbf4b0c90f0a8ecd8868036'})]
2022-10-04 17:51:25,040 Adding on_synchronous_complete callback
2022-10-04 17:51:25,040 Added: {'callback': <bound method Channel._on_synchronous_complete of <Channel number=1 OPEN conn=<SelectConnection OPEN transport=<pika.adapters.utils.io_services_utils._AsyncPlaintextTransport object at 0x000001BB08F0B2E0> params=<ConnectionParameters host=localhost port=5672 virtual_host=/ ssl=False>>>>, 'one_shot': True, 'only': None, 'arguments': {'consumer_tag': 'ctag1.eb4068011bbf4b0c90f0a8ecd8868036'}, 'calls': 1}
2022-10-04 17:51:25,040 Adding passed-in RPC response callback
2022-10-04 17:51:25,040 Added: {'callback': <bound method Channel._on_eventok of <Channel number=1 OPEN conn=<SelectConnection OPEN transport=<pika.adapters.utils.io_services_utils._AsyncPlaintextTransport object at 0x000001BB08F0B2E0> params=<ConnectionParameters host=localhost port=5672 virtual_host=/ ssl=False>>>>, 'one_shot': True, 'only': None, 'arguments': {'consumer_tag': 'ctag1.eb4068011bbf4b0c90f0a8ecd8868036'}, 'calls': 1}
2022-10-04 17:51:25,040 SelectorIOServicesAdapter.remove_writer(172)
2022-10-04 17:51:25,040 remove_writer(172) updated handler Rd
2022-10-04 17:51:25,040 Turned off writability watcher: <socket.socket fd=172, family=AddressFamily.AF_INET6, type=SocketKind.SOCK_STREAM, proto=6, laddr=('::1', 59485, 0, 0), raddr=('::1', 5672, 0, 0)>
2022-10-04 17:51:25,042 Processing 1:Basic.ConsumeOk
2022-10-04 17:51:25,043 Processing use of oneshot callback
2022-10-04 17:51:25,043 0 registered uses left
2022-10-04 17:51:25,043 Comparing {'consumer_tag': 'ctag1.eb4068011bbf4b0c90f0a8ecd8868036'} to {'consumer_tag': 'ctag1.eb4068011bbf4b0c90f0a8ecd8868036'}
2022-10-04 17:51:25,043 Removing callback #1: {'callback': <bound method Channel._on_synchronous_complete of <Channel number=1 OPEN conn=<SelectConnection OPEN transport=<pika.adapters.utils.io_services_utils._AsyncPlaintextTransport object at 0x000001BB08F0B2E0> params=<ConnectionParameters host=localhost port=5672 virtual_host=/ ssl=False>>>>, 'one_shot': True, 'only': None, 'arguments': {'consumer_tag': 'ctag1.eb4068011bbf4b0c90f0a8ecd8868036'}, 'calls': 0}
2022-10-04 17:51:25,043 Processing use of oneshot callback
2022-10-04 17:51:25,043 0 registered uses left
2022-10-04 17:51:25,043 Comparing {'consumer_tag': 'ctag1.eb4068011bbf4b0c90f0a8ecd8868036'} to {'consumer_tag': 'ctag1.eb4068011bbf4b0c90f0a8ecd8868036'}
2022-10-04 17:51:25,043 Removing callback #1: {'callback': <bound method Channel._on_eventok of <Channel number=1 OPEN conn=<SelectConnection OPEN transport=<pika.adapters.utils.io_services_utils._AsyncPlaintextTransport object at 0x000001BB08F0B2E0> params=<ConnectionParameters host=localhost port=5672 virtual_host=/ ssl=False>>>>, 'one_shot': True, 'only': None, 'arguments': {'consumer_tag': 'ctag1.eb4068011bbf4b0c90f0a8ecd8868036'}, 'calls': 0}
2022-10-04 17:51:25,043 Calling <bound method _CallbackResult.signal_once of <pika.adapters.blocking_connection._CallbackResult object at 0x000001BB08F2ED80>> for "1:Basic.ConsumeOk"
2022-10-04 17:51:25,043 Calling <bound method Channel._on_synchronous_complete of <Channel number=1 OPEN conn=<SelectConnection OPEN transport=<pika.adapters.utils.io_services_utils._AsyncPlaintextTransport object at 0x000001BB08F0B2E0> params=<ConnectionParameters host=localhost port=5672 virtual_host=/ ssl=False>>>> for "1:Basic.ConsumeOk"
2022-10-04 17:51:25,043 0 blocked frames
2022-10-04 17:51:25,043 Calling <bound method Channel._on_eventok of <Channel number=1 OPEN conn=<SelectConnection OPEN transport=<pika.adapters.utils.io_services_utils._AsyncPlaintextTransport object at 0x000001BB08F0B2E0> params=<ConnectionParameters host=localhost port=5672 virtual_host=/ ssl=False>>>> for "1:Basic.ConsumeOk"
2022-10-04 17:51:25,043 Discarding frame <METHOD(['channel_number=1', 'frame_type=1', "method=<Basic.ConsumeOk(['consumer_tag=ctag1.eb4068011bbf4b0c90f0a8ecd8868036'])>"])>
2022-10-04 17:51:25,044 Recv would block on <socket.socket fd=172, family=AddressFamily.AF_INET6, type=SocketKind.SOCK_STREAM, proto=6, laddr=('::1', 59485, 0, 0), raddr=('::1', 5672, 0, 0)>
